<?xml version="1.0" encoding="UTF-8"?>
<!-- Generated by org.testng.reporters.JUnitXMLReporter -->
<testsuite ignored="0" hostname="Aparna" failures="0" tests="10" name="ParallelTest" time="0.238" errors="0" timestamp="2024-04-10T10:53:54 IST">
  <testcase classname="learntestng.Group01" name="profile" time="0.022"/>
  <testcase classname="learntestng.Group01" name="forgotPSd" time="0.018"/>
  <testcase classname="learntestng.Group01" name="login" time="0.034"/>
  <testcase classname="learntestng.Group03" name="payement" time="0.021"/>
  <testcase classname="learntestng.Group03" name="product" time="0.025"/>
  <testcase classname="learntestng.Group02" name="createNewAccount" time="0.01"/>
  <testcase classname="learntestng.Group03" name="signUp" time="0.014"/>
  <testcase classname="learntestng.Group02" name="home" time="0.016"/>
  <testcase classname="learntestng.Group02" name="friendRequest" time="0.065"/>
  <testcase classname="learntestng.Group01" name="logout" time="0.021"/>
</testsuite> <!-- ParallelTest -->
