<?xml version="1.0" encoding="UTF-8"?>
<!-- Generated by org.testng.reporters.JUnitXMLReporter -->
<testsuite ignored="0" hostname="Aparna" failures="0" tests="7" name="ParallelTest1" time="0.156" errors="0" timestamp="2024-04-10T10:57:45 IST">
  <testcase classname="learntestng.Group01" name="forgotPSd" time="0.015"/>
  <testcase classname="learntestng.Group02" name="createNewAccount" time="0.015"/>
  <testcase classname="learntestng.Group01" name="login" time="0.005"/>
  <testcase classname="learntestng.Group01" name="logout" time="0.008"/>
  <testcase classname="learntestng.Group02" name="friendRequest" time="0.016"/>
  <testcase classname="learntestng.Group01" name="profile" time="0.002"/>
  <testcase classname="learntestng.Group02" name="home" time="0.008"/>
</testsuite> <!-- ParallelTest1 -->
