<?xml version="1.0" encoding="UTF-8"?>
<!-- Generated by org.testng.reporters.JUnitXMLReporter -->
<testsuite ignored="0" hostname="Aparna" failures="0" tests="3" name="ParallelTest2" time="0.068" errors="0" timestamp="2024-04-10T10:57:45 IST">
  <testcase classname="learntestng.Group03" name="payement" time="0.002"/>
  <testcase classname="learntestng.Group03" name="product" time="0.009"/>
  <testcase classname="learntestng.Group03" name="signUp" time="0.003"/>
</testsuite> <!-- ParallelTest2 -->
